0:100  0:100  MemLog inited, TSC freq: 3417828905
0:100  0:000  CPU was calibrated with ACPI PM Timer
0:100  0:000  
0:100  0:000  Now is 15.4.2020,  14:20:41 (GMT)
0:100  0:000  Starting Clover revision: 4919 on American Megatrends EFI
0:100  0:000  Build with: [Args: -mc --no-usb | -D DISABLE_USB_SUPPORT -D USE_BIOS_BLOCKIO -D USE_LOW_EBDA -D HAVE_LEGACY_EMURUNTIMEDXE -a X64 -b RELEASE -t XCODE8 -n 41 | OS: 10.14.5 | XCODE: 10.2]
0:100  0:000  SelfDevicePath=PciRoot(0x0)\Pci(0x1F,0x2)\Sata(0x2,0xFFFF,0x0)\HD(1,GPT,944A2087-5401-400E-A06F-E2A79AB456C7,0x28,0x64000) @D1C09198
0:100  0:000  SelfDirPath = \EFI\BOOT
0:100  0:000  === [ Get Smbios ] ========================================
0:100  0:000  Type 16 Index = 0
0:100  0:000  Total Memory Slots Count = 4
0:100  0:000  Type 17 Index = 0
0:100  0:000  Table has error information, checking
0:100  0:000  Found memory information in table 18/1, type=0x3, operation=0x2 syndrome=0x0
0:100  0:000  ...memory OK
0:100  0:000  SmbiosTable.Type17->Speed = 1600MHz
0:100  0:000  SmbiosTable.Type17->Size = 4096MB
0:100  0:000  SmbiosTable.Type17->Bank/Device = BANK 0 ChannelA-DIMM0
0:100  0:000  SmbiosTable.Type17->Vendor = Hynix/Hyundai
0:100  0:000  SmbiosTable.Type17->SerialNumber = 1E2CC81B
0:100  0:000  SmbiosTable.Type17->PartNumber = HMT351U6CFR8C-PB  
0:100  0:000  Type 17 Index = 1
0:100  0:000  SmbiosTable.Type17->Speed = 1600MHz
0:100  0:000  SmbiosTable.Type17->Size = 4096MB
0:100  0:000  SmbiosTable.Type17->Bank/Device = BANK 1 ChannelA-DIMM1
0:100  0:000  SmbiosTable.Type17->Vendor = 830B
0:100  0:000  SmbiosTable.Type17->SerialNumber = 560B1026
0:100  0:000  SmbiosTable.Type17->PartNumber = NT4GC64B8HG0NF-DI 
0:100  0:000  Type 17 Index = 2
0:100  0:000  Table has error information, checking
0:100  0:000  Found memory information in table 18/2, type=0x3, operation=0x2 syndrome=0x0
0:100  0:000  ...memory OK
0:100  0:000  SmbiosTable.Type17->Speed = 1600MHz
0:100  0:000  SmbiosTable.Type17->Size = 4096MB
0:100  0:000  SmbiosTable.Type17->Bank/Device = BANK 2 ChannelB-DIMM0
0:100  0:000  SmbiosTable.Type17->Vendor = Hynix/Hyundai
0:100  0:000  SmbiosTable.Type17->SerialNumber = 1E2CC81B
0:100  0:000  SmbiosTable.Type17->PartNumber = HMT351U6CFR8C-PB  
0:100  0:000  Type 17 Index = 3
0:100  0:000  SmbiosTable.Type17->Speed = 1600MHz
0:100  0:000  SmbiosTable.Type17->Size = 4096MB
0:100  0:000  SmbiosTable.Type17->Bank/Device = BANK 3 ChannelB-DIMM1
0:100  0:000  SmbiosTable.Type17->Vendor = Hynix/Hyundai
0:100  0:000  SmbiosTable.Type17->SerialNumber = 1E2CC81B
0:100  0:000  SmbiosTable.Type17->PartNumber = HMT351U6CFR8C-PB  
0:100  0:000  Boot status=0
0:100  0:000  Running on: 'System Product Name' with board 'SABERTOOTH Z77'
0:100  0:000  === [ GetCPUProperties ] ==================================
0:100  0:000  CPU Vendor = 756E6547 Model=206A7
0:100  0:000   The CPU supported SSE4.1
0:100  0:000  BrandString = Intel(R) Core(TM) i7-2600K CPU @ 3.40GHz
0:100  0:000   The CPU supported turbo
0:100  0:000  MSR 0x35               40008
0:100  0:000  MSR 0xE2 before patch 1E008400
0:100  0:000  MSR 0xE2 is locked, PM patches will be turned on
0:100  0:000  MSR 0xCE              00001000_70012200
0:100  0:000  corrected FLEX_RATIO = E0000
0:100  0:000  MSR 0x1B0             00000000
0:100  0:000  FSBFrequency = 100 MHz, DMI FSBFrequency = 100 MHz, Corrected FSBFrequency = 100 MHz
0:100  0:000  MaxDiv/MinDiv: 34.0/16
0:100  0:000  Turbo: 63/63/63/63
0:100  0:000  Features: 0xBFEBFBFF
0:100  0:000  Threads: 8
0:100  0:000  Cores: 4
0:100  0:000  FSB: 100 MHz
0:100  0:000  CPU: 3400 MHz
0:100  0:000  TSC: 3400 MHz
0:100  0:000  PIS: 100 MHz
0:100  0:000  ExternalClock: 25 MHz
0:100  0:000  === [ GetDevices ] ========================================
0:100  0:000  PCI (00|00:00.00) : 8086 0100 class=060000
0:100  0:000  PCI (00|00:01.00) : 8086 0101 class=060400
0:100  0:000  PCI (00|01:00.00) : 10DE 1C82 class=030000
0:100  0:000   - GFX: Model=Asus GeForce GTX 1050 Ti family 137 (Pascal)
0:100  0:000  PCI (00|01:00.01) : 10DE 0FB9 class=040300
0:100  0:000   - HDMI Audio: 
0:100  0:000  PCI (00|00:14.00) : 8086 1E31 class=0C0330
0:100  0:000  PCI (00|00:16.00) : 8086 1E3A class=078000
0:100  0:000  PCI (00|00:16.01) : FFFF FFFF class=FFFFFF
0:100  0:000  PCI (00|00:19.00) : 8086 1503 class=020000
0:100  0:000   - LAN: 0 Vendor=Intel
0:100  0:000  PCI (00|00:1A.00) : 8086 1E2D class=0C0320
0:100  0:000  PCI (00|00:1B.00) : 8086 1E20 class=040300
0:100  0:000  PCI (00|00:1C.00) : 8086 1E10 class=060400
0:100  0:000  PCI (00|00:1C.03) : 8086 1E16 class=060400
0:100  0:000  PCI (00|03:00.00) : 14E4 43B1 class=028000
0:100  0:000   - WIFI: Vendor=Broadcom
0:100  0:000  PCI (00|00:1C.04) : 8086 1E18 class=060400
0:100  0:000  PCI (00|04:00.00) : 1B21 1042 class=0C0330
0:100  0:000  PCI (00|00:1C.06) : 8086 1E1C class=060400
0:100  0:000  PCI (00|05:00.00) : 1B21 0612 class=010601
0:100  0:000  PCI (00|00:1C.07) : 8086 1E1E class=060400
0:100  0:000  PCI (00|06:00.00) : 1B21 0612 class=010601
0:100  0:000  PCI (00|00:1D.00) : 8086 1E26 class=0C0320
0:100  0:000  PCI (00|00:1F.00) : 8086 1E44 class=060100
0:100  0:000  PCI (00|00:1F.02) : 8086 1E02 class=010601
0:100  0:000  PCI (00|00:1F.03) : 8086 1E22 class=0C0500
0:100  0:000  PCI (00|00:1F.06) : FFFF FFFF class=FFFFFF
0:100  0:000  === [ GetDefaultSettings ] ================================
0:100  0:000  Clover load options size = 0 bytes
0:131  0:030  EFI\CLOVER\config.plist loaded: Success
0:131  0:000  === [ GetListOfThemes ] ===================================
0:151  0:019  - [00]: christmas
0:160  0:009  - [01]: EMBEDDED
0:162  0:001  - [01]: NEWYEAR
0:163  0:001  - [02]: RANDOM
0:164  0:001  - [02]: RoG
0:177  0:013  === [ Found config plists ] ===============================
0:177  0:000  - config.plist
0:177  0:000  === [ GetEarlyUserSettings ] ==============================
0:177  0:000  timeout set to 5
0:177  0:000  Custom boot CUSTOM_BOOT_DISABLED (0x0)
0:177  0:000  KextsToPatch: 5 requested
0:177  0:000   - [00]: com.apple.driver.AppleAHCIPort (External icons patch) :: MatchOS: 10.13.x,10.14.x :: BinPatch :: data len: 8
0:177  0:000   - [01]: com.apple.driver.AppleMikeyDriver (MikeyDriver Patch Assertions) :: MatchOS: 10.13.x,10.14.x :: BinPatch :: data len: 16
0:177  0:000   - [02]: com.apple.driver.AppleGraphicsDevicePolicy (Prevent AGDP from loading) :: MatchOS: 10.13.x,10.14.x :: BinPatch :: data len: 5
0:177  0:000   - [03]: com.apple.driver.usb.AppleUSBXHCI (USB 10.13.6 by PMHeart) :: MatchOS: 10.13.6 :: BinPatch :: data len: 10
0:178  0:000   - [04]: com.apple.driver.AppleHDA (AppleHDA Patch Assertions) :: MatchOS: 10.13.x,10.14.x :: BinPatch :: data len: 16
0:178  0:000  Default theme: RoG
0:178  0:000  === [ LoadDrivers ] =======================================
0:179  0:001  Loading ApfsDriverLoader-64.efi  status=Success
0:179  0:000   - driver needs connecting
0:179  0:000  Loading AptioInputFix.efi  status=Success
0:181  0:001  Loading AptioMemoryFix.efi  status=Success
0:181  0:000  Loading AudioDxe-64.efi  status=Success
0:182  0:001   - driver needs connecting
0:182  0:000  Loading BootChimeDxe.efi  status=Success
0:196  0:013  Loading DataHubDxe-64.efi  status=Success
0:226  0:029  Loading FSInject-64.efi  status=Success
0:227  0:001  Loading HFSPlus-64.efi  status=Success
0:228  0:000   - driver needs connecting
0:228  0:000  Loading SMCHelper-64.efi  status=Success
0:228  0:000  3 drivers needs connecting ...
0:228  0:000  PlatformDriverOverrideProtocol not found. Installing ... Success
0:228  0:000  HFS+ driver loaded
0:228  0:000  APFS driver loaded
0:228  0:000  Searching for invalid DiskIo BY_DRIVER connects: not found, all ok
6:907  6:678  === [ InitScreen ] ========================================
6:907  0:000  Console modes reported: 3, available modes:
6:907  0:000   - [01]: 80x25 (current mode)
6:907  0:000   - [03]: 100x31
6:907  0:000  SetMaxResolution: found best mode 2: 1600x900
6:907  0:000   - already set
6:907  0:000  reinit: self device path=PciRoot(0x0)\Pci(0x1F,0x2)\Sata(0x2,0xFFFF,0x0)\HD(1,GPT,944A2087-5401-400E-A06F-E2A79AB456C7,0x28,0x64000)
6:907  0:000  Using embedded font: Success
6:908  0:000  === [ GetMacAddress ] =====================================
6:908  0:000   get legacy LAN MAC, 1 card found
6:908  0:000  Legacy MAC address of LAN #0= 88:88:88:88:87:88:
6:908  0:000  === [ ScanSPD ] ===========================================
6:908  0:000  Scanning SMBus [8086:1E22], mmio: 0xF7135004, ioport: 0xF000, hostc: 0x1
6:928  0:019  Slot: 0 Type 24 4096MB 1600MHz Vendor=SK Hynix PartNo=HMT351U6CFR8C-PBN0 SerialNo=010E020C0C08010B
6:946  0:018  Slot: 1 Type 24 4096MB 1600MHz Vendor=Nanya Technology PartNo=NT4GC64B8HG0NF-DI SerialNo=0506000B01000206
6:966  0:019  Slot: 2 Type 24 4096MB 1600MHz Vendor=SK Hynix PartNo=HMT351U6CFR8C-PBN0 SerialNo=010E020C0C08010B
6:985  0:019  Slot: 3 Type 24 4096MB 1600MHz Vendor=SK Hynix PartNo=HMT351U6CFR8C-PBN0 SerialNo=010E020C0C08010B
6:986  0:000  === [ GetAcpiTablesList ] =================================
6:986  0:000  Get Acpi Tables List from RSDT:
6:986  0:000   - [00]: FACP  A M I len=132
6:986  0:000   - [01]: APIC  A M I len=146
6:986  0:000   - [02]: FPDT  A M I len=68
6:986  0:000   - [03]: MCFG  A M I len=60
6:986  0:000   - [04]: HPET  A M I len=56
6:986  0:000   - [05]: SSDT  SataTabl len=877
6:986  0:000   - [06]: BGRT  A M I len=56
6:986  0:000   - [07]: SSDT  Cpu0Ist len=2474
6:986  0:000   - [08]: SSDT  CpuPm len=2706
6:986  0:000  Calibrated TSC Frequency = 3417828905 = 3417MHz
6:986  0:000  === [ GetUserSettings ] ===================================
6:986  0:000  USB FixOwnership: yes
6:986  0:000  Dropping 3 tables:
6:986  0:000   - [00]: Drop table  signature="DMAR" (52414D44)
6:986  0:000           - set table: 52414D44,                0 to drop: no
6:986  0:000   - [01]: Drop table  signature="SSDT" (54445353) table-id="CpuPm" (0000006D50757043)
6:986  0:000           - set table: 54445353,       6D50757043 to drop: yes
6:986  0:000   - [02]: Drop table  signature="SSDT" (54445353) table-id="Cpu0Ist" (0074734930757043)
6:986  0:000           - set table: 54445353,   74734930757043 to drop: yes
6:986  0:000   - final DSDT Fix mask=50460054
6:986  0:000  PatchesDSDT: 8 requested
6:986  0:000   - [00]: (GFX0 to IGPU) lenToFind: 4, lenToReplace: 4, Target Bridge: <null string>
6:986  0:000   - [01]: (HECI to IMEI) lenToFind: 4, lenToReplace: 4, Target Bridge: <null string>
6:986  0:000   - [02]: (SAT0 to SATA) lenToFind: 4, lenToReplace: 4, Target Bridge: <null string>
6:986  0:000   - [03]: (GLAN to GIGE) lenToFind: 4, lenToReplace: 4, Target Bridge: <null string>
6:986  0:000   - [04]: (EHC1 to EH01) lenToFind: 4, lenToReplace: 4, Target Bridge: <null string>
6:986  0:000   - [05]: (EHC2 to EH02) lenToFind: 4, lenToReplace: 4, Target Bridge: <null string>
6:986  0:000   - [06]: (EUSB to EH01) lenToFind: 4, lenToReplace: 4, Target Bridge: <null string>
6:986  0:000   - [07]: (USBE to EH02) lenToFind: 4, lenToReplace: 4, Target Bridge: <null string>
6:986  0:000  smartUPS: present
6:986  0:000  Using ProductName from config: iMac12,2
6:986  0:000  Found same BiosVersion in clover and config
6:986  0:000  BiosVersion: IM121.88Z.004F.B00.1804101150
6:986  0:000  BiosReleaseDate: 04/10/18
6:986  0:000  Using EfiVersion from config: 82.0.0.0.0
6:986  0:000  Using FirmwareFeatures from config: 0xE00DE137
6:986  0:000  Using FirmwareFeaturesMask from config: 0xFF1FFF3F
6:986  0:000  Board-ID set from config as Mac-942B59F58194171B
6:986  0:000  BoardType: 0xA
6:986  0:000  ChassisType: 0xD
6:987  0:000  === [ Found DSDT tables ] =================================
7:165  0:178  === [ ScanVolumes ] =======================================
7:165  0:000  Found 19 volumes with blockIO
7:165  0:000  - [00]: Volume: PciRoot(0x0)\Pci(0x1F,0x2)\Sata(0x0,0xFFFF,0x0)
7:166  0:000  - [01]: Volume: PciRoot(0x0)\Pci(0x1F,0x2)\Sata(0x1,0xFFFF,0x0)
7:167  0:000          Result of bootcode detection: bootable unknown (legacy)
7:167  0:000  - [02]: Volume: PciRoot(0x0)\Pci(0x1F,0x2)\Sata(0x2,0xFFFF,0x0)
7:174  0:007  - [03]: Volume: PciRoot(0x0)\Pci(0x1F,0x2)\Sata(0x3,0xFFFF,0x0)
7:175  0:000  - [04]: Volume: PciRoot(0x0)\Pci(0x1F,0x2)\Sata(0x5,0xFFFF,0x0)
7:176  0:000          Result of bootcode detection: bootable unknown (legacy)
7:176  0:000  - [05]: Volume: PciRoot(0x0)\Pci(0x1F,0x2)\Sata(0x0,0xFFFF,0x0)\HD(1,GPT,A9D68332-3FFF-B343-A5D0-F71A24D1EE0C,0x1000,0x96000)
7:176  0:000          Result of bootcode detection: bootable unknown (legacy)
7:209  0:032  - [06]: Volume: PciRoot(0x0)\Pci(0x1F,0x2)\Sata(0x0,0xFFFF,0x0)\HD(2,GPT,A90AA5CC-87D3-E94D-9613-A6701F7ED27A,0x97000,0x552644ED)
7:209  0:000  - [07]: Volume: PciRoot(0x0)\Pci(0x1F,0x2)\Sata(0x0,0xFFFF,0x0)\HD(3,GPT,701C394E-60DC-1943-82E2-ECDF7FB470D8,0x552FB4ED,0x2249E14)
7:210  0:000  - [08]: Volume: PciRoot(0x0)\Pci(0x1F,0x2)\Sata(0x1,0xFFFF,0x0)\HD(1,GPT,1884D676-8680-4A4C-90EF-5B557B4B2B78,0x22,0x7FDE)
7:211  0:000  - [09]: Volume: PciRoot(0x0)\Pci(0x1F,0x2)\Sata(0x1,0xFFFF,0x0)\HD(2,GPT,62ED7A59-52FF-4E7C-8532-5E14B1537A9B,0x8000,0x15D501800)
7:211  0:000          Result of bootcode detection: bootable Windows (vista,win)
7:211  0:000  - [10]: Volume: PciRoot(0x0)\Pci(0x1F,0x2)\Sata(0x2,0xFFFF,0x0)\HD(1,GPT,944A2087-5401-400E-A06F-E2A79AB456C7,0x28,0x64000)
7:212  0:000          Result of bootcode detection: bootable unknown (legacy)
7:245  0:032          This is SelfVolume !!
7:245  0:000  - [11]: Volume: PciRoot(0x0)\Pci(0x1F,0x2)\Sata(0x2,0xFFFF,0x0)\HD(2,GPT,1659C60C-08A0-4B35-AEEA-6692D1A44AD7,0x64028,0x25294B40)
7:256  0:011  - [12]: Volume: PciRoot(0x0)\Pci(0x1F,0x2)\Sata(0x2,0xFFFF,0x0)\HD(3,GPT,3A33E13E-749C-49BF-8A92-F7F004C016CC,0x252F8B68,0x135F20)
7:284  0:027  - [13]: Volume: PciRoot(0x0)\Pci(0x1F,0x2)\Sata(0x3,0xFFFF,0x0)\HD(1,GPT,495E0A3A-00CE-4837-9DE6-9C9FC2CCECC8,0x800,0x108800)
7:284  0:000          Result of bootcode detection: bootable Windows (vista,win)
7:284  0:000  - [14]: Volume: PciRoot(0x0)\Pci(0x1F,0x2)\Sata(0x3,0xFFFF,0x0)\HD(2,GPT,379F1A73-D999-473F-86BA-18FB630A25E0,0x109000,0x32000)
7:285  0:000          Result of bootcode detection: bootable Windows (vista,win)
7:291  0:005  - [15]: Volume: PciRoot(0x0)\Pci(0x1F,0x2)\Sata(0x3,0xFFFF,0x0)\HD(3,GPT,D0C1E2D2-C479-4AA9-BC03-AFE577666E68,0x13B000,0x8000)
7:291  0:000  - [16]: Volume: PciRoot(0x0)\Pci(0x1F,0x2)\Sata(0x3,0xFFFF,0x0)\HD(4,GPT,4D1967E6-8E11-4FAC-BE3F-FA78418A72D8,0x143000,0xDE51800)
7:292  0:000          Result of bootcode detection: bootable Windows (vista,win)
7:292  0:000  - [17]: Volume: PciRoot(0x0)\Pci(0x1F,0x2)\Sata(0x5,0xFFFF,0x0)\HD(1,GPT,B5069C16-1872-4190-BC9E-6EFDD6F9CB93,0x22,0x7FDE)
7:293  0:000  - [18]: Volume: PciRoot(0x0)\Pci(0x1F,0x2)\Sata(0x5,0xFFFF,0x0)\HD(2,GPT,D30A38E7-E023-4187-89F1-63FFEE722649,0x8000,0x1D1C03000)
7:293  0:000          Result of bootcode detection: bootable Windows (vista,win)
7:293  0:000  found 2 handles with audio
7:293  0:000  No AudioIoDevice stored
7:293  0:000  no stored audio parameters
7:293  0:000  === [ InitTheme ] =========================================
7:293  0:000  use daylight theme
7:338  0:044  Using theme 'RoG' (EFI\CLOVER\themes\RoG)
7:338  0:000  OS main and drive as badge
7:338  0:000  file sound read: sound.wav Not Found
7:341  0:002  Loading font from ThemeDir: Success
7:341  0:000  theme inited
7:341  0:000  Chosen theme RoG
7:341  0:000  after NVRAM boot-args=dart=0 debug=0x100 -no_compat_check
7:341  0:000  === [ Dump SMC keys from NVRAM ] ==========================
7:341  0:000  found AppleSMC protocol
7:361  0:019  Registered 16 SMC keys
7:362  0:000  === [ ScanLoader ] ========================================
7:362  0:000  - [05]: 'EFI'
7:537  0:175          AddLoaderEntry for Volume Name=EFI
7:562  0:024          AddLoaderEntry for Volume Name=EFI
7:562  0:000          skipped because entry is hidden
7:562  0:000  - [10]: 'EFI'
7:665  0:103          AddLoaderEntry for Volume Name=EFI
7:665  0:000          skipped because entry is hidden
7:665  0:000  - [11]: 'Beast Mac OS'
7:709  0:043          AddLoaderEntry for Volume Name=Beast Mac OS
7:858  0:148          AddLoaderEntry for Volume Name=Beast Mac OS
7:871  0:013      hibernated: set as never
8:015  0:143  - [12]: 'Recovery HD'
8:044  0:028          AddLoaderEntry for Volume Name=Recovery HD
8:176  0:131  - [14]: 'EFI'
8:182  0:006          AddLoaderEntry for Volume Name=EFI
8:297  0:114          AddLoaderEntry for Volume Name=EFI
8:297  0:000          skipped because entry is hidden
8:297  0:000  Scanning legacy ...
8:297  0:000   9: 'Legacy HD2' (vista,win) add legacy
8:302  0:004   added 'Boot Windows from Legacy HD2' OSType=2 Icon=vista,win
8:302  0:000  13: 'Legacy HD1' (vista,win) add legacy
8:303  0:001   added 'Boot Windows from Legacy HD1' OSType=2 Icon=vista,win
8:303  0:000  14: 'EFI' (vista,win) add legacy
8:305  0:001   added 'Boot Windows from EFI' OSType=2 Icon=vista,win
8:305  0:000  16: 'Legacy HD4' (vista,win) add legacy
8:307  0:001   added 'Boot Windows from Legacy HD4' OSType=2 Icon=vista,win
8:307  0:000  18: 'Legacy HD2' (vista,win) add legacy
8:309  0:001   added 'Boot Windows from Legacy HD2' OSType=2 Icon=vista,win
8:309  0:000  === [ AddCustomTool ] =====================================
8:353  0:044  found tool \EFI\CLOVER\tools\Shell64U.efi
8:353  0:000  Checking EFI partition Volume 5 for Clover
8:354  0:000  Checking EFI partition Volume 10 for Clover
8:354  0:000   Found Clover
8:365  0:011  === [ GetEfiBootDeviceFromNvram ] =========================
8:365  0:000   - efi-boot-device-data: PciRoot(0x0)\Pci(0x1F,0x2)\Sata(0x0,0xFFFF,0x0)\HD(1,GPT,A9D68332-3FFF-B343-A5D0-F71A24D1EE0C,0x1000,0x96000)\EFI\Manjaro\grubx64.efii
8:365  0:000    - Volume: 'PciRoot(0x0)\Pci(0x1F,0x2)\Sata(0x0,0xFFFF,0x0)\HD(1,GPT,A9D68332-3FFF-B343-A5D0-F71A24D1EE0C,0x1000,0x96000)'
8:365  0:000    - LoaderPath: '\EFI\Manjaro\grubx64.efi'
8:365  0:000    - Guid = A9D68332-3FFF-B343-A5D0-F71A24D1EE0C
8:365  0:000  === [ FindStartupDiskVolume ] =============================
8:365  0:000    - Volume: partition = PciRoot(0x0)\Pci(0x1F,0x2)\Sata(0x0,0xFFFF,0x0)\HD(1,GPT,A9D68332-3FFF-B343-A5D0-F71A24D1EE0C,0x1000,0x96000)
8:365  0:000     - searching for that partition and loader '\EFI\Manjaro\grubx64.efi'
8:365  0:000      - found entry 0. 'Boot Manjaro EFI boot menu from EFI', Volume 'EFI', '\EFI\Manjaro\grubx64.efi'
8:365  0:000  Boot redirected to Entry 0. 'Boot Manjaro EFI boot menu from EFI'
8:365  0:000  DefaultIndex=0 and MainMenu.EntryCount=16
9:573  1:207  GUI ready
